915resolution.tcz
aalib.tcz
abiword-plugins.tcz
abiword.tcz
ace-of-penguins.tcz
acl-dev.tcz
acl.tcz
acpid.tcz
acpi.tcz
acpitool.tcz
actkbd.tcz
advcomp.tcz
aewm++.tcz
aha152x_cs-2.6.29.1.tcz
aic7xxx-2.6.29.1.tcz
aiksaurus.tcz
aircrack-ng-doc.tcz
aircrack-ng.tcz
akonadi-dev.tcz
akonadi.tcz
alpine.tcz
alsa-config.tcz
alsa-dev.tcz
alsamixergui.tcz
alsa-modules-2.6.29.1-tinycore.tcz
alsa-oss.tcz
alsaplayer.tcz
alsa-plugins.tcz
alsa.tcz
amv-ffmpeg.tcz
antiword.tcz
apache2-dev.tcz
apache2-doc.tcz
apache2.tcz
appbrowser-cli.tcz
apr-dev.tcz
apr-iconv-dev.tcz
apr-iconv.tcz
apr.tcz
apr-util-dev.tcz
apr-util.tcz
arc-colors.tcz
aria2.tcz
arj.tcz
arora.tcz
ascii.tcz
aspell-en.tcz
aspell.tcz
asterisk-doc.tcz
asterisk.tcz
asunder-locale.tcz
asunder.tcz
atk-dev.tcz
atk-locale.tcz
atk.tcz
attr-dev.tcz
attr-doc.tcz
attr-locale.tcz
attr.tcz
audacious-dev.tcz
audacious-locale.tcz
audacious-plugins-locale.tcz
audacious-plugins.tcz
audacious.tcz
audacity-1.2.6.tcz
audiofile-dev.tcz
audiofile.tcz
autoconf.tcz
automake.tcz
automoc4.tcz
avahi.tcz
avrdude.tcz
ayttm.tcz
b43-fwcutter.tcz
babl.tcz
balsa-doc.tcz
balsa-locale.tcz
balsa.tcz
banshee-doc.tcz
banshee-locale.tcz
banshee.tcz
base-dev.tcz
bashburn.tcz
bash-locale.tcz
bash.tcz
bc-1.06.94.tcz
beaver2.tcz
beaver.tcz
bftpd.tcz
bibletime.tcz
bigforth.tcz
bind-dev.tcz
bind-doc.tcz
bind.tcz
binutils-2.19.1.tcz
binutils.tcz
bison.tcz
bitbake.tcz
bitstormlite.tcz
bleachbit-dev.tcz
bleachbit-locale.tcz
bleachbit.tcz
blobwars.tcz
blueman.tcz
bluez-gnome.tcz
bluez.tcz
bmpanel.tcz
bmpanel-themes.tcz
bonecho-gtk2.tcz
bonecho.tcz
bonnie++.tcz
boolstuff-dev.tcz
boolstuff-doc.tcz
boolstuff.tcz
boost-1.41.tcz
boost-dev.tcz
boost.tcz
bootchart-pl.tcz
boo.tcz
brasero-dev.tcz
brasero-locale.tcz
brasero.tcz
bsc.tcz
bsddb-dev.tcz
bsddb-doc.tcz
bsddb.tcz
bt-2.6.29.1-tinycore.tcz
btpd.tcz
busybox-httpd.tcz
bvi.tcz
bzip2-dev.tcz
bzip2-doc.tcz
bzip2-lib.tcz
bzip2.tcz
bzr.tcz
cabextract.tcz
cairo-clock-locale.tcz
cairo-clock.tcz
cairo-dev.tcz
cairo-doc.tcz
cairomm.tcz
cairo.tcz
catfish-locale.tcz
catfish.tcz
ccache.tcz
ccsm-locale.tcz
ccsm.tcz
cdk-dev.tcz
cdk-doc.tcz
cdparanoia-dev.tcz
cdparanoia.tcz
cdrdao.tcz
cdrkit.tcz
cdrtools.tcz
celt.tcz
centerim-encrypt.tcz
centerim.tcz
cfdisk.tcz
cftp-0.12.tcz
checkinstall-tc.tcz
check.tcz
cheese-doc.tcz
cheese-locale.tcz
cheese.tcz
cherokee.tcz
chimera2.tcz
chntpw.tcz
chromium-browser-locale.tcz
chromium-browser.tcz
chrony-doc.tcz
chrony.tcz
cinepaint.tcz
clamav-dev.tcz
clamav.tcz
cln-dev.tcz
cln.tcz
cloog.tcz
clucene-dev.tcz
clucene.tcz
clutter-dev.tcz
clutter-doc.tcz
clutter-gir.tcz
clutter-gtk-dev.tcz
clutter-gtk.tcz
clutter.tcz
cmake.tcz
codeblocks.tcz
comix.tcz
compiletc.tcz
compiz-base.tcz
compizconfig-backend-gconf.tcz
compizconfig-python.tcz
compiz-dev.tcz
compiz-gnome.tcz
compiz-gtk-window-decorator.tcz
compiz-locale.tcz
compiz-plugins-extra-dev.tcz
compiz-plugins-extra-locale.tcz
compiz-plugins-extra.tcz
compiz-plugins-main-dev.tcz
compiz-plugins-main-locale.tcz
compiz-plugins-main.tcz
compiz.tcz
conky_plus.tcz
conky.tcz
ConsoleKit-dev.tcz
ConsoleKit.tcz
coreutils.tcz
cpio.tcz
cppunit.tcz
cpufreq-2.6.29.1-tinycore.tcz
cpufreqd.tcz
cpufrequtils.tcz
cramfs-utils.tcz
crda.tcz
cups1311.tcz
cups-pdf.tcz
cups-queue.tcz
cups-smb.tcz
cups.tcz
curl-dev.tcz
CurlFtpFS.tcz
curl.tcz
cutecom-0.14.2.tcz
cutecom.tcz
cvs.tcz
cyrus-sasl-dev.tcz
cyrus-sasl.tcz
dbench.tcz
dbus-c++-dev.tcz
dbus-c++.tcz
dbus-glib.tcz
dbus_python-2.5.2.tcz
dbus-python.tcz
dbus.tcz
dcfldd.tcz
dcraw.tcz
dejavu-fonts-ttf.tcz
dell-2.6.29.1-tinycore.tcz
dermixd-alsa.tcz
dermixd-oss.tcz
desktop-file-utils.tcz
detox-bin.tcz
Dev86.tcz
DeviceKit-power-dev.tcz
DeviceKit-power.tcz
dfm.tcz
dialog.tcz
dia.tcz
dictclient.tcz
diffutils.tcz
dillo2.tcz
django-1.1.1.tcz
djvulibre-dev.tcz
djvulibre.tcz
dmenu.tcz
dmidecode-doc.tcz
dmidecode.tcz
dnsmasq.tcz
docbook_xml_dtd.tcz
docbook_xsl.tcz
dosbox.tcz
dosfstools-3.tcz
doxygen-doc.tcz
doxygen-gui.tcz
doxygen.tcz
dpkg-deb.tcz
dreamchess.tcz
dropbear.tcz
dropbox.tcz
droplineneu-icon-theme.tcz
dtach-0.8.tcz
dvdauthor.tcz
dvd+rwtools.tcz
dzen2.tcz
dzen2-utils.tcz
e17.tcz
e2fsprogs_apps.tcz
e3.tcz
easytag.tcz
echo-icon-theme.tcz
ecore.tcz
e_dbus.tcz
edbus.tcz
edje.tcz
edna.tcz
eet.tcz
efm_addons.tcz
efreet.tcz
eggdbus.tcz
eina.tcz
elementary.tcz
elinks.tcz
embryo.tcz
emelfm2-locale.tcz
emelfm2.tcz
emelfm.tcz
emerald-dev.tcz
emerald-locale.tcz
emerald.tcz
emesene.tcz
enchant-dev.tcz
enchant.tcz
enlightenment.tcz
eog-dev.tcz
eog-doc.tcz
eog-locale.tcz
eog-plugins-locale.tcz
eog-plugins.tcz
eog.tcz
epdfview-cups.tcz
epdfview.tcz
epiphany-dev.tcz
epiphany-doc.tcz
epiphany-extensions-doc.tcz
epiphany-extensions-locale.tcz
epiphany-extensions.tcz
epiphany-locale.tcz
epiphany.tcz
esound-dev.tcz
esound.tcz
espeak.tcz
e_tclock.tcz
ethtool.tcz
evas.tcz
evilvte.tcz
evilwm.tcz
evince-dev.tcz
evince-locale.tcz
evince.tcz
evolution-data-server-dev.tcz
evolution-data-server-locale.tcz
evolution-data-server.tcz
evolution-dev.tcz
evolution-locale.tcz
evolution.tcz
exiv2-dev.tcz
exiv2.tcz
expat2-dev.tcz
expat2.tcz
expect.tcz
faac-dev.tcz
faac.tcz
faad-dev.tcz
faad.tcz
fakeroot.tcz
farsight2-dev.tcz
farsight2.tcz
fbreader.tcz
fbxkb.tcz
fcgi-dev.tcz
fcgi.tcz
fdupes.tcz
feedingbottle-2.0-rc1.tcz
feedingbottle-3.0-rc1.tcz
feedparser.tcz
feh-1.3.4.tcz
fetchmail-doc.tcz
fetchmail-locale.tcz
fetchmail.tcz
ffmpeg-ffserver-dev.tcz
ffmpeg-ffserver.tcz
ffmpeg.tcz
file-roller-locale.tcz
file-roller.tcz
filesystems-2.6.29.1-tinycore.tcz
file.tcz
filezilla-doc.tcz
filezilla-locale.tcz
filezilla.tcz
findutils.tcz
firefox.tcz
firewall-2.6.29.1-tinycore.tcz
firewire-2.6.29.1-tinycore.tcz
firmware-2.6.29.1-tinycore.tcz
firmware-isl3886pci.tcz
firmware-iwlwifi-3945.tcz
firmware-iwlwifi.tcz
flac-dev.tcz
flac.tcz
flex.tcz
flit.tcz
flnotify.tcz
flpicsee.tcz
fltk2.tcz
fltk-fluid.tcz
fluendo-mp3.tcz
fluidsynth.tcz
fluxbox.tcz
flvstreamer.tcz
flwm.tcz
flwm_topside.tcz
fontconfig-dev.tcz
fontconfig-doc.tcz
fontconfig.tcz
foomatic-rip.tcz
fortune-mod.tcz
fox-apps.tcz
fox-dev.tcz
fox.tcz
freeglut-dev.tcz
freeglut.tcz
fribidi.tcz
ftdi_eeprom.tcz
ftgl-dev.tcz
ftgl.tcz
fuse.tcz
fvwm.tcz
gaiksaurus.tcz
galculator.tcz
gamin-dev.tcz
gamin.tcz
gawk.tcz
gbrainy-doc.tcz
gbrainy-locale.tcz
gbrainy.tcz
gcc-3.3.6.tcz
gcc-4.4.0.tcz
gcc_libs.tcz
gcc.tcz
GConf-defaults-service.tcz
GConf-dev.tcz
GConf-doc.tcz
GConf-locale.tcz
gconfmm-dev.tcz
gconfmm.tcz
GConf.tcz
gdb-6.8_bin.tcz
gdb-6.8_dev.tcz
gdb-6.8_doc.tcz
gdk-pixbuf-dev.tcz
gdk-pixbuf.tcz
gdmap.tcz
geany-locale.tcz
geany.tcz
gedit-dev.tcz
gedit-doc.tcz
gedit-locale.tcz
gedit.tcz
geeqie-locale.tcz
geeqie.tcz
gegl.tcz
getFlash10.tcz
gettext.tcz
gfortran.tcz
gftp2.tcz
gftp.tcz
ggz-client-libs-dev.tcz
ggz-client-libs-locale.tcz
ggz-client-libs.tcz
giblib-1.2.4.tcz
gimp1-dev.tcz
gimp1.tcz
gimp2.tcz
gion-icon-theme.tcz
gir-repository-dev.tcz
gir-repository.tcz
git.tcz
glew.tcz
glib1-dev.tcz
glib1.tcz
glib2-dev.tcz
glib2-doc.tcz
glib2-locale.tcz
glib2.tcz
glibc_add_libs.tcz
glibc_apps.tcz
glibc_gconv.tcz
glibc_i18n_locale.tcz
glibmm.tcz
gluezilla.tcz
gmime.tcz
gnash-dev.tcz
gnash.tcz
gnome-backgrounds.tcz
gnome-colors.tcz
gnome-desktop-base.tcz
gnome-desktop-sharp-dev.tcz
gnome-desktop-sharp.tcz
gnome-doc-utils.tcz
gnome-games-extra-data.tcz
gnome-games-locale.tcz
gnome-games.tcz
gnome-hearts-locale.tcz
gnome-hearts.tcz
gnome-icon-theme.tcz
gnome-js-common.tcz
gnome-keyring-sharp-doc.tcz
gnome-keyring-sharp.tcz
gnome-media.tcz
gnome-mime-data-locale.tcz
gnome-mime-data.tcz
gnome-python-dev.tcz
gnome-python.tcz
gnome-sharp-dbg.tcz
gnome-sharp-dev.tcz
gnome-sharp.tcz
gnome-themes.tcz
gnome-vfs-dev.tcz
gnome-vfs-locale.tcz
gnome-vfsmm.tcz
gnome-vfs.tcz
gnomint-locale.tcz
gnomint.tcz
gnote-locale.tcz
gnote.tcz
gnuchess.tcz
gnupg2.tcz
gnupg.tcz
gnuplot.tcz
gnutls-dev.tcz
gnutls-doc.tcz
gnutls-locale.tcz
gnutls.tcz
gobject-introspection-dev.tcz
gobject-introspection-doc.tcz
gobject-introspection.tcz
goocanvas-dev.tcz
goocanvas-doc.tcz
goocanvas-locale.tcz
goocanvas.tcz
gpac-dev.tcz
gpac.tcz
gpaint-locale.tcz
gpaint.tcz
gparted.tcz
gpa.tcz
gperf.tcz
gphoto2-locale.tcz
gphoto2.tcz
gpicview-locale.tcz
gpicview.tcz
gpredict-doc.tcz
gpredict-locale.tcz
gpredict.tcz
gpsd-clients.tcz
gpsd-dev.tcz
gpsd-doc.tcz
gpsd-hotplug.tcz
gpsd-python.tcz
gpsd.tcz
gqview1-locale.tcz
gqview1.tcz
gqview2.tcz
gramps-dev.tcz
gramps-locale.tcz
gramps.tcz
graphics-2.6.29.1-tinycore.tcz
graphics-libs-1-dev.tcz
graphics-libs-1.tcz
GraphicsMagick-dev.tcz
GraphicsMagick-doc.tcz
GraphicsMagick.tcz
graphviz.tcz
grep.tcz
groff.tcz
grsync.tcz
grub-0.97-splash.tcz
grub2-locale.tcz
grub2.tcz
grub2-unicode-font.tcz
grub4dos.tcz
gs-8.70.tcz
gs_common-8.70.tcz
gsfonts.tcz
gsl.tcz
gsmartcontrol.tcz
gssdp.tcz
gs.tcz
gst-ffmpeg.tcz
gst-plugins-bad-dev.tcz
gst-plugins-bad-locale.tcz
gst-plugins-bad.tcz
gst-plugins-base-dev.tcz
gst-plugins-base-locale.tcz
gst-plugins-base.tcz
gst-plugins-good-locale.tcz
gst-plugins-good.tcz
gst-plugins-ugly-locale.tcz
gst-plugins-ugly.tcz
gst-python.tcz
gstreamer-dev.tcz
gstreamer-locale.tcz
gstreamer.tcz
gsview.tcz
gtk1-dev.tcz
gtk1.tcz
gtk1tetris.tcz
gtk1-theme-switch.tcz
gtk2-dev.tcz
gtk2-doc.tcz
gtk2-locale.tcz
gtk2_prefs.tcz
gtk2.tcz
gtkam.tcz
gtk-doc.tcz
gtk-engines.tcz
gtkfind.tcz
gtkglext-dev.tcz
gtkglext.tcz
gtk-gnutella-gtk1.tcz
gtk-gnutella-gtk2-locale.tcz
gtk-gnutella-gtk2.tcz
gtkhtml-dev.tcz
gtkhtml-locale.tcz
gtkhtml.tcz
gtkmm.tcz
gtkpod-lite.tcz
gtkpod-locale.tcz
gtkpod.tcz
gtk-sharp-dbg.tcz
gtk-sharp-dev.tcz
gtk-sharp-doc.tcz
gtk-sharp.tcz
gtksourceview-dev.tcz
gtksourceview-locale.tcz
gtksourceview.tcz
gtkspell-dev.tcz
gtkspell-locale.tcz
gtkspell.tcz
gtktetris.tcz
gtk-vnc-dev.tcz
gtk-vnc-locale.tcz
gtk-vnc.tcz
gucharmap-dev.tcz
gucharmap-doc.tcz
gucharmap-locale.tcz
gucharmap.tcz
gudev-dev.tcz
gudev-lib.tcz
guile-dev.tcz
guile.tcz
gupnp-av.tcz
gupnp-igd-dev.tcz
gupnp-igd.tcz
gupnp.tcz
gupnp-tools.tcz
gutenprint.tcz
gvfs-dev.tcz
gvfs-locale.tcz
gvfs.tcz
gzip.tcz
hackedbox.tcz
hal-dev.tcz
hal_support.tcz
hal.tcz
hamlib-dev.tcz
hamlib-doc.tcz
hamlib.tcz
haproxy.tcz
hardinfo.tcz
hddtemp.tcz
hdparm.tcz
hedgewars.tcz
Helix.tcz
help2man.tcz
hexedit.tcz
hicolor-icon-theme.tcz
hid2hci.tcz
hostapd.tcz
hpijs-dynppds.tcz
hpijs_hpoj.tcz
hping2.tcz
hplip_sane.tcz
hplip.tcz
html2text.tcz
htop.tcz
httptunnel.tcz
hunspell-dev.tcz
hunspell-en-us.tcz
hunspell.tcz
hwmon-2.6.29.1-tinycore.tcz
i2c-tools.tcz
iana-etc.tcz
iasl.tcz
ibam.tcz
icecat.tcz
icewm-locale.tcz
icewm.tcz
icon-naming-utils.tcz
icu-40.tcz
icu-44-dev.tcz
icu-44-doc.tcz
icu-44.tcz
id3lib-dev.tcz
id3lib.tcz
id3v2.tcz
ilmbase.tcz
Image-ExifTool.tcz
ImageMagick-dev.tcz
ImageMagick-doc.tcz
ImageMagick.tcz
imake.tcz
imlib2-dev.tcz
imlib-dev.tcz
imlib.tcz
inadyn.tcz
inetutils-servers.tcz
inetutils.tcz
inkscapelite.tcz
inkscape.tcz
input-2.6.29.1-tinycore.tcz
inspircd.tcz
intltool-0.40.5.tcz
inxi.tcz
iodine.tcz
iperf.tcz
iproute2.tcz
iptables.tcz
ipvs-2.6.29.1-tinycore.tcz
ipvsadm.tcz
irda-2.6.29.1-tinycore.tcz
irssi-dev.tcz
irssi-doc.tcz
irssi.tcz
iso-codes.tcz
isomaster.tcz
ispell.tcz
itetris.tcz
iw-0.9.17.tcz
iw-0.9.19.tcz
iw.tcz
jack-ffado-dev.tcz
jack-ffado-doc.tcz
jack-ffado.tcz
jack.tcz
jasper.tcz
jed.tcz
jfsutils.tcz
joe.tcz
john.tcz
jpilot.tcz
json-glib-dev.tcz
json-glib.tcz
jwhois.tcz
jwm-snapshot.tcz
jwm.tcz
k3b.tcz
kdelibs-3.5.10.tcz
keepalived.tcz
keepassx.tcz
kismet-doc.tcz
kismet.tcz
kmaps.tcz
kompozer.tcz
kqemu.tcz
krb5.tcz
kvm-2.6.29.1-tinycore.tcz
lame-dev.tcz
lame.tcz
laptop-mode-tools.tcz
lbreakout2.tcz
ldap-utils.tcz
leafpad-locale.tcz
leafpad.tcz
less-doc.tcz
less.tcz
lesstif-dev.tcz
lesstif.tcz
lftp-doc.tcz
lftp-locale.tcz
lftp.tcz
liba52-dev.tcz
liba52.tcz
libaio.tcz
libao2.tcz
libao-dev.tcz
libao.tcz
libarchive-dev.tcz
libarchive.tcz
libart.tcz
libasound.tcz
libatasmart-dev.tcz
libatasmart.tcz
libatlas.tcz
libatomic_ops.tcz
libattr.tcz
libavahi.tcz
libavcodec.tcz
libavdevice.tcz
libavformat.tcz
libavutil.tcz
libbonobo-dev.tcz
libbonobo-locale.tcz
libbonobo.tcz
libbonoboui-dev.tcz
libbonoboui-locale.tcz
libbonoboui.tcz
libbsd-dev.tcz
libbsd.tcz
libburn-dev.tcz
libburn.tcz
libcanberra-dev.tcz
libcanberra.tcz
libcap-doc.tcz
libcapi20-dev.tcz
libcapi20.tcz
libcap.tcz
libcares-dev.tcz
libcares.tcz
libcdaudio-dev.tcz
libcdaudio.tcz
libcddb-dev.tcz
libcddb.tcz
libcdio-dev.tcz
libcdio.tcz
libchamplain-dev.tcz
libchamplain-doc.tcz
libchamplain-gir.tcz
libchamplain.tcz
libcompizconfig-dev.tcz
libcompizconfig.tcz
libconfuse-dev.tcz
libconfuse-locale.tcz
libconfuse.tcz
libcroco.tcz
libcups.tcz
libdaemon.tcz
libdca-dev.tcz
libdca.tcz
libdevil.tcz
libdnet.tcz
libdotconf.tcz
libdvdnav-dev.tcz
libdvdnav.tcz
libdvdread-dev.tcz
libdvdread.tcz
libebml-dev.tcz
libebml.tcz
libedit-dev.tcz
libedit.tcz
liberation-fonts-ttf.tcz
libesmtp-dev.tcz
libesmtp.tcz
libevent-dev.tcz
libevent.tcz
libexempi-dev.tcz
libexempi.tcz
libexif-dev.tcz
libexif-doc.tcz
libexif-locale.tcz
libexif.tcz
libeXosip2-dev.tcz
libeXosip2.tcz
libfbembed.tcz
libffado-dev.tcz
libffado.tcz
libffi-dev.tcz
libffi.tcz
libfftw3f.tcz
libfltk-xft.tcz
libfm-dev.tcz
libfm-locale.tcz
libfm.tcz
libftdi-dev.tcz
libftdi.tcz
libgcrypt-dev.tcz
libgcrypt.tcz
libgc.tcz
libgdata-dev.tcz
libgdata-locale.tcz
libgdata.tcz
libgdbm.tcz
libgdiplus.tcz
libgd.tcz
libgee.tcz
libggz-dev.tcz
libggz.tcz
libglade-dev.tcz
libglademm.tcz
libglade.tcz
libgmp.tcz
libgnomecanvas-dev.tcz
libgnomecanvas-locale.tcz
libgnomecanvasmm.tcz
libgnomecanvas.tcz
libgnome-desktop-dev.tcz
libgnome-desktop.tcz
libgnome-dev.tcz
libgnome-keyring.tcz
libgnome-locale.tcz
libgnome-menu-dev.tcz
libgnome-menu.tcz
libgnomemm.tcz
libgnomeprint-dev.tcz
libgnomeprint.tcz
libgnomeprintui-dev.tcz
libgnomeprintui.tcz
libgnome.tcz
libgnomeui-dev.tcz
libgnomeui-locale.tcz
libgnomeui.tcz
libgnome-window-settings-dev.tcz
libgnome-window-settings.tcz
libgoogle-data-mono.tcz
libgpg-error-dev.tcz
libgpg-error.tcz
libgphoto2-doc.tcz
libgphoto2-locale.tcz
libgphoto2.tcz
libgpod-dev.tcz
libgpod-doc.tcz
libgpod-locale.tcz
libgpod.tcz
libgs-8.70.tcz
libgsf-gnome.tcz
libgsf.tcz
libgs.tcz
libgweather-dev.tcz
libgweather-locale.tcz
libgweather.tcz
libical-dev.tcz
libical.tcz
libiconv-dev.tcz
libiconv-doc.tcz
libiconv-locale.tcz
libiconv.tcz
libid3tag-dev.tcz
libid3tag.tcz
libIDL.tcz
libidn-dev.tcz
libidn-doc.tcz
libidn-locale.tcz
libidn.tcz
libiec61883-dev.tcz
libiec61883-doc.tcz
libiec61883.tcz
libieee1284.tcz
libisofs-dev.tcz
libisofs.tcz
libjpeg-utils.tcz
liblapack.tcz
liblazy.tcz
libldap-dev.tcz
libldap.tcz
liblinebreak-dev.tcz
liblinebreak.tcz
libltdl.tcz
libmad-dev.tcz
libmad.tcz
libmatroska-dev.tcz
libmatroska.tcz
libmcrypt.tcz
libmcs-dev.tcz
libmcs.tcz
libmemcache-dev.tcz
libmemcache.tcz
libmhash.tcz
libmimic-dev.tcz
libmimic.tcz
libmms-dev.tcz
libmms.tcz
libmowgli-dev.tcz
libmowgli.tcz
libmp4v2.tcz
libmpcdec-dev.tcz
libmpcdec.tcz
libmpeg2-dev.tcz
libmpeg2.tcz
libmpfr-dev.tcz
libmpfr.tcz
libmtp-dev.tcz
libmtp-doc.tcz
libmtp.tcz
libmxml-dev.tcz
libmxml.tcz
libnautilus-extension-dev.tcz
libnautilus-extension-doc.tcz
libnautilus-extension.tcz
libnice-dev.tcz
libnice.tcz
libnl.tcz
libnotify.tcz
libogg-dev.tcz
libogg.tcz
liboil.tcz
libopenraw.tcz
libosip2-dev.tcz
libosip2-doc.tcz
libosip2.tcz
libotr-dev.tcz
libotr-doc.tcz
libotr.tcz
libpanel-applet-dev.tcz
libpanelappletmm-dev.tcz
libpanelappletmm.tcz
libpanel-applet.tcz
libpcap-dev.tcz
libpcap.tcz
libpci.tcz
libphonon-dev.tcz
libphonon.tcz
libpolkit-gobject-dev.tcz
libpolkit-gobject.tcz
libportaudio.tcz
libportmidi.tcz
libproxy.tcz
libqalculate-dev.tcz
libqalculate-locale.tcz
libqalculate.tcz
libQt3Support.so.4.tcz
libraw1394-dev.tcz
libraw1394-doc.tcz
libraw1394.tcz
librsvg.tcz
libsamplerate-dev.tcz
libsamplerate.tcz
libsexy-dev.tcz
libsexy.tcz
libsigc++.tcz
libsmbios.tcz
libsndfile-dev.tcz
libsndfile.tcz
libsoup-dev.tcz
libsoup-gnome.tcz
libsoup.tcz
libspectre-dev.tcz
libspectre.tcz
libstartup-notification-dev.tcz
libstartup-notification.tcz
libstdc++-5.0.7.tcz
libswscale.tcz
libtasn1.tcz
libtheora-bin.tcz
libtheora-dev.tcz
libtheora-doc.tcz
libtheora.tcz
libtool-dev.tcz
libtool.tcz
libtorrent-rasterbar-dev.tcz
libtorrent-rasterbar.tcz
libunique-dev.tcz
libunique.tcz
liburiparser.tcz
libusb.tcz
libv4l-dev.tcz
libv4l.tcz
libvorbis-dev.tcz
libvorbis.tcz
libwmf.tcz
libwnck-dev.tcz
libwnck-doc.tcz
libwnck-locale.tcz
libwnck.tcz
libx86.tcz
libxcb-dev.tcz
libxcb.tcz
libxcb-util-dev.tcz
libxcb-util.tcz
libxfce4util-doc.tcz
libxfce4util-locale.tcz
libxfce4util.tcz
libxklavier-dev.tcz
libxklavier.tcz
libxml2-dev.tcz
libxml2-doc.tcz
libxml2.tcz
libxml++-dev.tcz
libxml++-doc.tcz
libxml++.tcz
libxp-dev.tcz
libxp.tcz
libxslt.tcz
lighttpd.tcz
lilo-static.tcz
lilypond-2.12.2.tcz
links-cli.tcz
links.tcz
linphone.tcz
linux-headers-2.6.29.1-tinycore.tcz
Linux-PAM-dev.tcz
Linux-PAM-doc.tcz
Linux-PAM.tcz
lirc.tcz
lmms04.tcz
lmms.tcz
lmsensors.tcz
logjam.tcz
loop-aes-extra.tcz
lsof.tcz
lua-dev.tcz
lua-doc.tcz
luajit-dev.tcz
luajit.tcz
luarocks.tcz
lua.tcz
lxappearance-doc.tcz
lxappearance-locale.tcz
lxappearance.tcz
LXDE2.tcz
lxde-common-doc.tcz
lxde-common.tcz
lxde-icon-theme.tcz
LXDE.tcz
lxinput-doc.tcz
lxinput-locale.tcz
lxinput.tcz
lxmenu-data.tcz
lxmusic-locale.tcz
lxmusic.tcz
lxpanel-dev.tcz
lxpanel-doc.tcz
lxpanel-locale.tcz
lxpanel.tcz
lxrandr-doc.tcz
lxrandr-locale.tcz
lxrandr.tcz
lxsession-lite-doc.tcz
lxsession-lite-locale.tcz
lxsession-lite.tcz
lxshortcut-locale.tcz
lxshortcut.tcz
lxtask-locale.tcz
lxtask.tcz
lxterminal-doc.tcz
lxterminal-locale.tcz
lxterminal.tcz
lyx.tcz
lzo2-dev.tcz
lzo2.tcz
m4.tcz
macchanger-1.5.0.tcz
madbomber.tcz
madwifi-hal.tcz
make.tcz
man-pages.tcz
mbasecalc.tcz
mc-doc.tcz
mc-locale.tcz
mcrypt.tcz
mc.tcz
mdadm.tcz
mdk3-v6.tcz
md.tcz
meld-locale.tcz
meld.tcz
memcached.tcz
mencoder-svn.tcz
menu-cache-dev.tcz
menu-cache.tcz
mercurial-1.2.1.tcz
metacity-dev.tcz
metacity-locale.tcz
metacity.tcz
mgp.tcz
mhWaveEdit.tcz
microperl-5.8.9.tcz
midori-locale.tcz
midori.tcz
minefield.tcz
mkisofs-tools.tcz
mktemp.tcz
mkvtoolnix.tcz
mldonkey.tcz
moc-doc.tcz
moc.tcz
module-init-tools.tcz
monkey.tcz
mono-addins-dbg.tcz
mono-addins.tcz
mono-basic-dbg.tcz
mono-basic.tcz
mono-dbg.tcz
mono-debugger.tcz
mono-dev.tcz
mono-doc.tcz
mono-locale.tcz
mono.tcz
mono-zeroconf-doc.tcz
mono-zeroconf.tcz
most.tcz
mowitz.tcz
mp3wrap.tcz
mpd.tcz
mpeg2dec.tcz
mpg123.tcz
mpg321.tcz
Mplayer-nodeps.tcz
MPlayer-svn-gtk1.tcz
MPlayer-svn-gtk2.tcz
Mplayer-xorg.tcz
mppenc.tcz
mtd-2.6.29.1-tinycore.tcz
mtools.tcz
mtpaint-3.21.tcz
mtpaint-cli.tcz
mtpaint-gtk1.tcz
mupdf.tcz
mupen64plus.tcz
mutt-doc.tcz
mutt-locale.tcz
mutt.tcz
mysql-dev.tcz
mysql-doc.tcz
mysql.tcz
namoroka.tcz
nano.tcz
nas-dev.tcz
nasm.tcz
nas.tcz
nbtscan.tcz
ncurses-lib-dev.tcz
ncurses-lib.tcz
ncurses-utils.tcz
ndesk-dbus-glib.tcz
ndesk-dbus.tcz
ndiswrapper.tcz
neon-dev.tcz
neon.tcz
netpbm.tcz
netrik.tcz
net-snmp.tcz
neXtaw.tcz
nfs-utils.tcz
nginx.tcz
nicotine-locale.tcz
nicotine.tcz
nilfs.tcz
nmap.tcz
normalize-audio.tcz
notification-daemon-xfce.tcz
notify-python.tcz
notify-sharp-doc.tcz
notify-sharp.tcz
nrg2iso.tcz
nss-mdns.tcz
nss-nspr-dev.tcz
nss-nspr.tcz
ntfs-3g-adv-dev.tcz
ntfs-3g-adv.tcz
ntfs-3g-dev.tcz
ntfs-3g.tcz
ntfsprogs.tcz
ntop.tcz
ntpclient.tcz
nvidia-173.14.25.tcz
nvidia-96.43.16.tcz
nvidia-glx-dev.tcz
nvidia-glx-doc.tcz
nvidia-glx.tcz
obex-data-server.tcz
obex.tcz
ogg-vorbis-dev.tcz
ogg-vorbis.tcz
oggz-dev.tcz
oggz.tcz
oo2.tcz
openbox.tcz
openbox-themes.tcz
openclipart-openoffice3.tcz
openclipart-png.tcz
openclipart-svg.tcz
openexr.tcz
openjdk-6-jdk-misc.tcz
openjdk-6-jdk.tcz
openjdk-6-jre.tcz
openjdk-7-jdk-misc.tcz
openjdk-7-jdk.tcz
openjdk-7-jre.tcz
openjpeg-dev.tcz
openjpeg.tcz
openlierox.tcz
openmotif-dev.tcz
openmotif-lib.tcz
openmotif.tcz
openoffice3.tcz
openslp-dev.tcz
openslp-doc.tcz
openslp.tcz
openssh.tcz
openssl-0.9.8-dev.tcz
openssl-0.9.8-doc.tcz
openssl-0.9.8k-dev.tcz
openssl-0.9.8k.tcz
openssl-0.9.8.tcz
open-vm-tools-dev.tcz
open-vm-tools-modules.tcz
open-vm-tools.tcz
opera10-locale.tcz
opera10.tcz
opera-locale.tcz
opera.tcz
orage-locale.tcz
orage.tcz
ORBit2-dev.tcz
ORBit2.tcz
ORBit.tcz
osmo.tcz
OSS40.tcz
OSS_alsa.tcz
OSS.tcz
ossxmix.tcz
owfs.tcz
p7zip-doc.tcz
p7zip-full.tcz
p7zip.tcz
pango-dev.tcz
pango-doc.tcz
pangomm.tcz
pango.tcz
pan.tcz
parallel-doc.tcz
parallel.tcz
parole-locale.tcz
parole.tcz
parted.tcz
partimage.tcz
patch.tcz
pcc.tcz
pci-utils.tcz
pcmanfm2-locale.tcz
pcmanfm2.tcz
pcmanfm-locale.tcz
pcmanfm.tcz
pcre-dev.tcz
pcre-doc.tcz
pcre.tcz
perl5.tcz
perl_archive_zip.tcz
perl_Data_Dumper.tcz
perl_ExtUtils_MakeMaker.tcz
perl_File_Remove.tcz
perl_gettext.tcz
perl_HTML_Parser.tcz
perl_HTML_Tagset.tcz
perl_Image_Size.tcz
perl_JSON.tcz
perl_libwww_perl.tcz
perl_Log_Log4perl.tcz
perl_Module_Install.tcz
perl_Module_ScanDeps.tcz
perl_PAR_Dist.tcz
perl_PDF_API2.tcz
perl_PDF_ReportWriter.tcz
perl_Proc_Background.tcz
perl_Readonly.tcz
perl_Tk.tcz
perl_Tk_XMLViewer.tcz
perl_URI-doc.tcz
perl_URI.tcz
perl_xml_parser.tcz
perl_xml_simple.tcz
perl_XML_Twig.tcz
perl_YAML_Tiny.tcz
photoprint.tcz
php5-dev.tcz
php5-doc.tcz
php5-pear.tcz
php5.tcz
pidgin-dev.tcz
pidgin-facebook.tcz
pidgin-locale.tcz
pidgin-otr-locale.tcz
pidgin-otr.tcz
pidgin-skype-locale.tcz
pidgin-skype.tcz
pidgin-smileys.tcz
pidgin.tcz
pidgin-tray-icons-dark.tcz
pidgin-tray-icons-humanity.tcz
pidgin-tray-icons-light.tcz
pigz.tcz
pilot-link-base.tcz
pilot-link-dev.tcz
pil.tcz
pinball.tcz
pixman-dev.tcz
pixman.tcz
pkg-config.tcz
plt.tcz
pngphoon.tcz
policykit-dev.tcz
policykit-gnome-dev.tcz
policykit-gnome-locale.tcz
policykit-gnome.tcz
policykit.tcz
poppler-data.tcz
poppler-dev.tcz
poppler-qt4-dev.tcz
poppler-qt4.tcz
poppler.tcz
poppler-xpdf-headers.tcz
popt-dev.tcz
popt-locale.tcz
popt.tcz
portmap.tcz
postal.tcz
postfix.tcz
postr.tcz
powertop.tcz
ppl.tcz
pppd.tcz
pppsetup.tcz
pptpd.tcz
printproto.tcz
procps.tcz
projectM-dev.tcz
projectM.tcz
protobuf-dev.tcz
protobuf-python.tcz
protobuf.tcz
psyco.tcz
putty.tcz
pybsddb-dev.tcz
pybsddb.tcz
pycairo-dev.tcz
pycairo.tcz
pygobject-dev.tcz
pygobject.tcz
pygtk-dev.tcz
pygtk-doc.tcz
pygtksourceview.tcz
pygtk.tcz
pyldap.tcz
pyneighborhood.tcz
pyogg-vorbis.tcz
pyopengl.tcz
pyopenssl.tcz
pyorbit.tcz
PyPanel.tcz
pyqt.tcz
pyrex.tcz
pysolfc.tcz
pysqlite2.tcz
pysqlite.tcz
python-2.5.2-dev.tcz
python-2.5.2-minimal.tcz
python-2.5.2.tcz
python_coherence.tcz
python_configobj.tcz
python-dev.tcz
python-docutils.tcz
python-gamin-dev.tcz
python-gamin.tcz
python-gtkglext.tcz
python-gtkspell.tcz
python-libmimic.tcz
python_libxml2-doc.tcz
python_libxml2.tcz
python_setuptools.tcz
python.tcz
python_twisted.tcz
python-xlib.tcz
python_zope.interface.tcz
pyusb.tcz
pyxdg.tcz
qalculate-gtk.tcz
qbittorrent.tcz
qemu-0.10.tcz
qemu-extra.tcz
qemu.tcz
qimageblitz-dev.tcz
qimageblitz.tcz
qiv.tcz
qjackctl.tcz
qmmp-dev.tcz
qmmp-jack.tcz
qmmp-projectM.tcz
qmmp.tcz
qps.tcz
qsynth.tcz
qt-3.3.8b-xorg-dev.tcz
qt-3.3.8b-xorg.tcz
qt-4.2.2.tcz
qt-4.5-base.tcz
qt-4.5-dbus.tcz
qt-4.5-dev.tcz
qt-4.5-extended.tcz
qt-4.5-opengl.tcz
qt-4.5-qt3support.tcz
qt-4.5-script.tcz
qt-4.5-sql.tcz
qt-4.5-webkit.tcz
qt-4.5-xml.tcz
quagga.tcz
qucs.tcz
rarian-dev.tcz
rarian.tcz
rawstudio.tcz
rdesktop.tcz
readline-dev.tcz
readline-doc.tcz
readline.tcz
realvnc.tcz
recordmydesktop-gtk.tcz
recordmydesktop.tcz
reiserfsprogs.tcz
rhythmbox.tcz
ripperX-2.6.7.tcz
ristretto-locale.tcz
ristretto.tcz
rox-filer-locale.tcz
rox-filer.tcz
rox-lib2.tcz
rrdtool-dev.tcz
rrdtool-doc.tcz
rrdtool.tcz
rsync.tcz
rt2860.tcz
r.tcz
rtl8187se_coffee.tcz
ruby-dev.tcz
rubygems.tcz
ruby.tcz
rygel.tcz
safecopy.tcz
sakura-locale.tcz
sakura.tcz
samba3.tcz
sane-backends-dev.tcz
sane-backends.tcz
sbcl.tcz
schumacher-clean-fonts.tcz
scite.tcz
scons.tcz
screen.tcz
scrollkeeper.tcz
SDL-dev.tcz
SDL_gfx-dev.tcz
SDL_gfx.tcz
SDL.tcz
seamonkey-gtk1.tcz
seamonkey.tcz
sed.tcz
seed-dev.tcz
seed-doc.tcz
seed.tcz
ser2net.tcz
set_rlimits.tcz
sfdisk-doc.tcz
sfdisk.tcz
sg3-utils-dev.tcz
sg3-utils.tcz
sgmixer.tcz
shadow-utils.tcz
shared-mime-info-locale.tcz
shared-mime-info.tcz
shiki-colors.tcz
shiretoko.tcz
showkey.tcz
siag.tcz
sil-gentium-basic-ttf.tcz
sil-gentium-ttf.tcz
silgraphite-dev.tcz
silgraphite.tcz
sip.tcz
slang-dev.tcz
slang-shell.tcz
slang.tcz
slapd.tcz
SLART.tcz
slim.tcz
slocate.tcz
smallbasic-cli.tcz
smallbasic-doc.tcz
smallbasic-gui.tcz
smartmontools.tcz
SmillaEnlarger.tcz
smplayer-locale.tcz
smplayer.tcz
snes9x.tcz
socat.tcz
soprano-dev.tcz
soprano.tcz
sox.tcz
speech-dispatcher.tcz
speex-dev.tcz
speex-doc.tcz
speex.tcz
spider.tcz
splint.tcz
SQLAlchemy.tcz
sqlite3-dev.tcz
sqlite3.tcz
squashfs-tools-4.0.tcz
squeeze-dev.tcz
squeeze-locale.tcz
squeeze.tcz
sshfs-fuse-2.2.tcz
sstrip.tcz
star-cups-driver.tcz
stardict.tcz
starfighter.tcz
stella.tcz
strace.tcz
streamripper.tcz
stress.tcz
strigi-dev.tcz
strigi.tcz
supertux.tcz
supybot.tcz
suspend.tcz
svn-dev.tcz
svn.tcz
swig.tcz
sword-dev.tcz
sword-locale.tcz
sword.tcz
sylpheed-dev.tcz
sylpheed-gtk1.tcz
sylpheed-locale.tcz
sylpheed.tcz
symlinks.tcz
synaptics.tcz
synergy-1.3.1.tcz
syslinux.tcz
taglib-dev.tcz
taglib-sharp-doc.tcz
taglib-sharp.tcz
taglib.tcz
tangerine-icon-theme.tcz
tangogps-locale.tcz
tangogps.tcz
tango-icon-theme.tcz
tar-locale.tcz
tar.tcz
tcc.tcz
tce-notify.tcz
tc-ita.tcz
tcl.tcz
tcl_tk.tcz
tcpdump.tcz
tcptunnel.tcz
tcp_wrappers-dev.tcz
tcp_wrappers.tcz
tcsh.tcz
tctoolsmenu.tcz
tea.tcz
teeworlds.tcz
telepathy-farsight-dev.tcz
telepathy-farsight.tcz
telepathy-glib-dev.tcz
telepathy-glib.tcz
Terminal-locale.tcz
Terminal.tcz
tesseract-dev.tcz
tesseract.tcz
testdisk-6.11.3.tcz
texinfo.tcz
thunar-plugins.tcz
thunderbird3.tcz
thunderbird.tcz
tightvnc.tcz
timidity.tcz
tinc.tcz
tint2-svn.tcz
tint2.tcz
tinywm.tcz
tk.tcz
tofrodos.tcz
toolchain64-lib.tcz
toolchain64.tcz
Tor.tcz
totem-locale.tcz
totem-pl-parser.tcz
totem.tcz
transmission-locale.tcz
transmission.tcz
treeline.tcz
tree.tcz
tripl.tcz
tshark.tcz
ttf-arabic-font-ScheherazadeRegOT.tcz
ttf-bitstream-vera.tcz
tucan.tcz
tv-player.tcz
tvxdoc.tcz
tvxroot.tcz
tvxsrc.tcz
tvx.tcz
twisted-web.tcz
tzdata.tcz
udev-dev.tcz
udev-lib.tcz
udptunnel.tcz
unetbootin.tcz
unrar.tcz
upx.tcz
urwid.tcz
urxvt-daemon.tcz
urxvt.tcz
usb-serial-2.6.29.1-tinycore.tcz
usb-utils.tcz
util-linux-ng-dev.tcz
util-linux-ng-locale.tcz
util-linux-ng.tcz
v4l-dvb-2.6.29.1-tinycore.tcz
valgrind.tcz
vbetool.tcz
VBox-OSE-additions-modules-2.6.29.1-tinycore.tcz
VBox-OSE-additions.tcz
VBox-OSE-additions-x11.tcz
VBox-OSE-modules-2.6.29.1-tinycore.tcz
VBox-OSE.tcz
vcdimager-dev.tcz
vcdimager.tcz
vice.tcz
vifm.tcz
vim-7.2-bin.tcz
vim-7.2-doc.tcz
vim-locale.tcz
vim.tcz
vimtutor.tcz
vinagre-dev.tcz
vinagre-doc.tcz
vinagre-locale.tcz
vinagre.tcz
vino-locale.tcz
vino.tcz
viruskiller.tcz
visualboyadvance.tcz
vlan.tcz
vlc-dev.tcz
vlc-doc.tcz
vlc-locale.tcz
vlc.tcz
vmpk.tcz
vm-scsi-2.6.29.1.tcz
vmware-view.tcz
vnstat.tcz
vorbis-tools.tcz
vpnc.tcz
vsftpd-ssl.tcz
vsftpd.tcz
vte-dev.tcz
vte-doc.tcz
vte-locale.tcz
vtemodule.tcz
vte.tcz
watcher.tcz
wavemon-doc.tcz
wavemon.tcz
wavpack-dev.tcz
wavpack.tcz
wbar.tcz
webkit-dev.tcz
webkit-gir.tcz
webkit-gtklauncher.tcz
webkit-locale.tcz
webkit-sharp-doc.tcz
webkit-sharp.tcz
webkit.tcz
weechat-locale.tcz
weechat.tcz
wget.tcz
wicd-doc.tcz
wicd-locale.tcz
wicd.tcz
wifi-radar.tcz
windowlab.tcz
wine-dev.tcz
wine-gl-dev.tcz
wine-gl.tcz
wine.tcz
wipe.tcz
wireless-2.6.29.1-tinycore_mod.tcz
wireless-2.6.29.1-tinycore.tcz
wireless_tools.tcz
wireshark.tcz
wl.tcz
wmaker-dev.tcz
wmaker.tcz
wordwarvi.tcz
wormux-locale.tcz
wormux.tcz
wpa_gui.tcz
wpa_supplicant.tcz
wv-dev.tcz
wv.tcz
wxgtk-dev.tcz
wxgtk.tcz
x0vncserver.tcz
x11vnc-0.9.6.tcz
x11vnc.tcz
x264-dev.tcz
x264.tcz
xarchiver-locale.tcz
xarchiver.tcz
xautolock-2.2.tcz
xboard.tcz
xcb-proto.tcz
xcdroast.tcz
xchat2-locale.tcz
xchat2.tcz
xchat.tcz
xchat-xmms.tcz
xdg-utils.tcz
Xdialog.tcz
xdm.tcz
xdotool.tcz
xdrdesktop.tcz
xdx.tcz
xearth.tcz
xf86-video-unichrome.tcz
Xfbdev.tcz
xfburn-locale.tcz
xfburn.tcz
xfce4-appfinder.tcz
xfce4-artwork.tcz
Xfce4base-locale.tcz
Xfce4base.tcz
xfce4-cpufreq-plugin.tcz
xfce4-goodies-panel-plugins-locale.tcz
xfce4-goodies-panel-plugins.tcz
xfce4-gtk-engine.tcz
xfce4-icon-theme.tcz
xfce4-mixer-locale.tcz
xfce4-mixer.tcz
xfce4-power-manager-locale.tcz
xfce4-power-manager.tcz
xfce4-screenshooter.tcz
xfce4-taskmanager-locale.tcz
xfce4-taskmanager.tcz
xfce4-weather-plugin.tcz
xfe-locale.tcz
xfe.tcz
xfi.tcz
xfsdump.tcz
xfsprogs-dev.tcz
xfsprogs.tcz
xfv.tcz
xfwm4-themes.tcz
xfw.tcz
xine-lib.tcz
xine-ui.tcz
xine-xvesa-dev.tcz
xine-xvesa-locale.tcz
xine-xvesa.tcz
Xlibs_support.tcz
xlockmore.tcz
xmacro.tcz
xmahjongg.tcz
xmms2-dev.tcz
xmms2-doc.tcz
xmms2.tcz
xmms-dev.tcz
xmms-flac.tcz
xmms-mp4.tcz
xmms-musepack-1.2.1.tcz
Xmms-Perl.tcz
xmms.tcz
xmms-wma.tcz
xonclock.tcz
Xorg-7.4-dev.tcz
Xorg-7.4.tcz
xpad-locale.tcz
xpad.tcz
xpdf.tcz
xplanet-maps-1.tcz
xplanet.tcz
xpyb-dev.tcz
xpyb.tcz
xsane.tcz
xscreensaver-base.tcz
xscreensaver-extra.tcz
xsetroot.tcz
xtrlock.tcz
xulrunner-dev.tcz
xulrunner.tcz
Xvesa.tcz
xvidcap.tcz
xvid-dev.tcz
xvid.tcz
xvkbd.tcz
xxdiff.tcz
xystray.tcz
xz-dev.tcz
xz-doc.tcz
xz.tcz
yasm-dev.tcz
yasm.tcz
yasr.tcz
zd1211-firmware.tcz
zenity-doc.tcz
zenity-locale.tcz
zenity.tcz
zenmap.tcz
zeroinstall-injector.tcz
zfs-fuse.tcz
zip-unzip.tcz
zsnes.tcz
zsync.tcz
