usr/local/lib/libsword-1.6.1.so
usr/local/lib/libsword.so
usr/local/etc/sword.conf.orig
usr/local/share/sword/mods.d/globals.conf
usr/local/bin/diatheke
usr/local/bin/mod2imp
usr/local/bin/mod2osis
usr/local/bin/osis2mod
usr/local/bin/tei2mod
usr/local/bin/vs2osisref
usr/local/bin/vs2osisreftxt
usr/local/bin/mod2vpl
usr/local/bin/mkfastmod
usr/local/bin/vpl2mod
usr/local/bin/imp2vs
usr/local/bin/installmgr
usr/local/bin/xml2gbs
usr/local/bin/imp2gbs
usr/local/bin/addld
usr/local/bin/imp2ld
usr/local/bin/mod2zmod
usr/local/tce.installed/sword
